Log file open, 07/27/17 14:59:19
LogInit:Display: Running engine for game: StreamProject
LogPlatformFile: Not using cached read wrapper
LogInit:Display: RandInit(873561280) SRandInit(873561280).
LogTaskGraph: Started task graph with 5 named threads and 8 total threads with 1 sets of task threads.
LogStats: Stats thread started at 0.088602
LogInit: Using libcurl 7.47.1
LogInit:  - built for x86_64-pc-win32
LogInit:  - supports SSL with OpenSSL/1.0.2g
LogInit:  - supports HTTP deflate (compression) using libz 1.2.8
LogInit:  - other features:
LogInit:      CURL_VERSION_SSL
LogInit:      CURL_VERSION_LIBZ
LogInit:      CURL_VERSION_IPV6
LogInit:      CURL_VERSION_ASYNCHDNS
LogInit:      CURL_VERSION_LARGEFILE
LogInit:      CURL_VERSION_IDN
LogInit:  CurlRequestOptions (configurable via config and command line):
LogInit:  - bVerifyPeer = false  - Libcurl will NOT verify peer certificate
LogInit:  - bUseHttpProxy = false  - Libcurl will NOT use HTTP proxy
LogInit:  - bDontReuseConnections = false  - Libcurl will reuse connections
LogInit:  - CertBundlePath = nullptr  - Libcurl will use whatever was configured at build time.
LogModuleManager:Warning: No filename provided for module OnlineSubsystemSteam
LogModuleManager:Warning: ModuleManager: Unable to load module 'OnlineSubsystemSteam' because the file 'C:/Program Files/Epic Games/UE_4.16/Engine/Binaries/Win64/' was not found.
LogInit: WinSock: version 1.1 (2.2), MaxSocks=32767, MaxUdp=65467
LogInit: Build: ++UE4+Release-4.16-CL-3514769
LogInit: Engine Version: 4.16.2-3514769+++UE4+Release-4.16
LogInit: Compatible Engine Version: 4.16.0-3452394+++UE4+Release-4.16
LogInit: Net CL: 3452394
LogDevObjectVersion: Number of dev versions registered: 16
LogDevObjectVersion:   Dev-Blueprints (B0D832E4-1F89-4F0D-ACCF-7EB736FD4AA2): 9
LogDevObjectVersion:   Dev-Build (E1C64328-A22C-4D53-A36C-8E866417BD8C): 0
LogDevObjectVersion:   Dev-Core (375EC13C-06E4-48FB-B500-84F0262A717E): 2
LogDevObjectVersion:   Dev-Editor (E4B068ED-F494-42E9-A231-DA0B2E46BB41): 17
LogDevObjectVersion:   Dev-Framework (CFFC743F-43B0-4480-9391-14DF171D2073): 23
LogDevObjectVersion:   Dev-Mobile (B02B49B5-BB20-44E9-A304-32B752E40360): 0
LogDevObjectVersion:   Dev-Networking (A4E4105C-59A1-49B5-A7C5-40C4547EDFEE): 0
LogDevObjectVersion:   Dev-Online (39C831C9-5AE6-47DC-9A44-9C173E1C8E7C): 0
LogDevObjectVersion:   Dev-Physics (78F01B33-EBEA-4F98-B9B4-84EACCB95AA2): 0
LogDevObjectVersion:   Dev-Platform (6631380F-2D4D-43E0-8009-CF276956A95A): 0
LogDevObjectVersion:   Dev-Rendering (12F88B9F-8875-4AFC-A67C-D90C383ABD29): 15
LogDevObjectVersion:   Dev-Sequencer (7B5AE74C-D270-4C10-A958-57980B212A5A): 4
LogDevObjectVersion:   Dev-VR (D7296918-1DD6-4BDD-9DE2-64A83CC13884): 0
LogDevObjectVersion:   Dev-LoadTimes (C2A15278-BFE7-4AFE-6C17-90FF531DF755): 1
LogDevObjectVersion:   Private-Geometry (6EACA3D4-40EC-4CC1-B786-8BED09428FC5): 1
LogDevObjectVersion:   Dev-AnimPhys (29E575DD-E0A3-4627-9D10-D276232CDCEA): 3
LogInit: Compiled (64-bit): Jun 29 2017 02:03:24
LogInit: Compiled with Visual C++: 19.00.24215.01
LogInit: Build Configuration: Development
LogInit: Branch Name: ++UE4+Release-4.16
LogInit: Command line:  /Temp/Autosaves/Game/Maps/UEDPCMainMenu -game -PIEVIACONSOLE -ResX=1280 -ResY=720  -Multiprocess -messaging -SessionName="Play in Standalone Game" -windowed 
LogInit: Base directory: C:/Program Files/Epic Games/UE_4.16/Engine/Binaries/Win64/
LogInit: Installed Engine Build: 1
LogInit: Presizing for max 8388607 objects, including 0 objects not considered by GC, pre-allocating 0 bytes for permanent pool.
LogInit: Object subsystem initialized
[2017.07.27-05.59.20:379][  0]LogInit: Selected Device Profile: [Windows]
[2017.07.27-05.59.20:379][  0]LogInit: Applying CVar settings loaded from the selected device profile: [Windows]
[2017.07.27-05.59.20:384][  0]LogInit: Computer: PARKCOM
[2017.07.27-05.59.20:384][  0]LogInit: User: parkcom
[2017.07.27-05.59.20:384][  0]LogInit: CPU Page size=4096, Cores=4
[2017.07.27-05.59.20:384][  0]LogInit: High frequency timer resolution =3.507558 MHz
[2017.07.27-05.59.20:384][  0]LogMemory: Memory total: Physical=16.0GB (16GB approx)
[2017.07.27-05.59.20:384][  0]LogMemory: Platform Memory Stats for Windows
[2017.07.27-05.59.20:384][  0]LogMemory: Process Physical Memory: 277.52 MB used, 277.52 MB peak
[2017.07.27-05.59.20:384][  0]LogMemory: Process Virtual Memory: 263.86 MB used, 263.86 MB peak
[2017.07.27-05.59.20:384][  0]LogMemory: Physical Memory: 9415.70 MB used,  6923.46 MB free, 16339.16 MB total
[2017.07.27-05.59.20:384][  0]LogMemory: Virtual Memory: 623.67 MB used,  6923.46 MB free, 8388608.00 MB total
[2017.07.27-05.59.20:498][  0]LogInit: Using OS detected language (ko-KR).
[2017.07.27-05.59.20:498][  0]LogInit: Using OS detected locale (ko-KR).
[2017.07.27-05.59.20:502][  0]LogTextLocalizationManager: No specific localization for 'ko-KR' exists, so the 'ko' localization will be used.
[2017.07.27-05.59.21:059][  0]LogD3D11RHI: D3D11 adapters:
[2017.07.27-05.59.21:073][  0]LogD3D11RHI:    0. 'NVIDIA GeForce GTX 650 Ti' (Feature Level 11_0)
[2017.07.27-05.59.21:073][  0]LogD3D11RHI:       971/0/3072 MB DedicatedVideo/DedicatedSystem/SharedSystem, Outputs:2, VendorId:0x10de
[2017.07.27-05.59.21:073][  0]LogD3D11RHI: Chosen D3D11 Adapter: 0
[2017.07.27-05.59.21:078][  0]LogD3D11RHI: Creating new Direct3DDevice
[2017.07.27-05.59.21:078][  0]LogD3D11RHI:     GPU DeviceId: 0x11c6 (for the marketing name, search the web for "GPU Device Id")
[2017.07.27-05.59.21:078][  0]LogWindows: EnumDisplayDevices:
[2017.07.27-05.59.21:078][  0]LogWindows:    0. 'NVIDIA GeForce GTX 650 Ti' (P:1 D:1)
[2017.07.27-05.59.21:079][  0]LogWindows:    1. 'NVIDIA GeForce GTX 650 Ti' (P:0 D:1)
[2017.07.27-05.59.21:079][  0]LogWindows:    2. 'NVIDIA GeForce GTX 650 Ti' (P:0 D:0)
[2017.07.27-05.59.21:079][  0]LogWindows:    3. 'RDPDD Chained DD' (P:0 D:0)
[2017.07.27-05.59.21:079][  0]LogWindows:    4. 'RDP Encoder Mirror Driver' (P:0 D:0)
[2017.07.27-05.59.21:079][  0]LogWindows:    5. 'RDP Reflector Display Driver' (P:0 D:0)
[2017.07.27-05.59.21:079][  0]LogWindows: DebugString: GetVideoDriverDetailsInvalid PrimaryIsNotTheChoosenAdapter GetVideoDriverDetailsInvalid PrimaryIsNotTheChoosenAdapter GetVideoDriverDetailsInvalid PrimaryIsNotTheChoosenAdapter FoundDriverCount:3 
[2017.07.27-05.59.21:079][  0]LogD3D11RHI:     Adapter Name: NVIDIA GeForce GTX 650 Ti
[2017.07.27-05.59.21:079][  0]LogD3D11RHI:   Driver Version: 382.33 (internal:22.21.13.8233, unified:382.33)
[2017.07.27-05.59.21:079][  0]LogD3D11RHI:      Driver Date: 5-17-2017
[2017.07.27-05.59.21:079][  0]LogRHI: Texture pool is 680 MB (70% of 971 MB)
[2017.07.27-05.59.21:088][  0]LogD3D11RHI: Async texture creation enabled
[2017.07.27-05.59.21:102][  0]LogD3D11RHI: GPU Timing Frequency: 1000.000000 (Debug: 2 2)
[2017.07.27-05.59.21:103][  0]LogD3D11RHI: HDR output is supported on display 0 (NvId: 0x80061081).
[2017.07.27-05.59.21:104][  0]LogShaderCompilers: Guid format shader working directory is -24 characters bigger than the processId version (../../../../../../Users/parkcom/Documents/Unreal Projects/StreamProject/Intermediate/Shaders/WorkingDirectory/15084/).
[2017.07.27-05.59.21:104][  0]LogShaderCompilers: Cleaned the shader compiler working directory 'C:/Users/parkcom/AppData/Local/Temp/UnrealShaderWorkingDir/EF29866E4E82035D24881C8D3A6E5A0F/'.
[2017.07.27-05.59.21:104][  0]LogShaderCompilers:Display: Using Local Shader Compiler.
[2017.07.27-05.59.22:101][  0]LogTemp:Display: Loaded TP WindowsClientTargetPlatform
[2017.07.27-05.59.22:172][  0]LogTemp:Display: Loaded TP WindowsNoEditorTargetPlatform
[2017.07.27-05.59.22:246][  0]LogTemp:Display: Loaded TP WindowsServerTargetPlatform
[2017.07.27-05.59.22:323][  0]LogTemp:Display: Loaded TP WindowsTargetPlatform
[2017.07.27-05.59.22:323][  0]LogTargetPlatformManager:Display: Building Assets For Windows
[2017.07.27-05.59.23:058][  0]LogDerivedDataCache:Display: Max Cache Size: 512 MB
[2017.07.27-05.59.23:136][  0]LogDerivedDataCache: Loaded boot cache 0.08s 90MB C:/Users/parkcom/AppData/Local/UnrealEngine/4.16/DerivedDataCache/Boot.ddc.
[2017.07.27-05.59.23:136][  0]LogDerivedDataCache:Display: Loaded Boot cache: C:/Users/parkcom/AppData/Local/UnrealEngine/4.16/DerivedDataCache/Boot.ddc
[2017.07.27-05.59.23:136][  0]LogDerivedDataCache: FDerivedDataBackendGraph:  Pak pak cache file ../../../../../../Users/parkcom/Documents/Unreal Projects/StreamProject/DerivedDataCache/DDC.ddp not found, will not use a pak cache.
[2017.07.27-05.59.23:136][  0]LogDerivedDataCache: Unable to find inner node Pak for hierarchical cache Hierarchy.
[2017.07.27-05.59.23:136][  0]LogDerivedDataCache: FDerivedDataBackendGraph:  CompressedPak pak cache file ../../../../../../Users/parkcom/Documents/Unreal Projects/StreamProject/DerivedDataCache/Compressed.ddp not found, will not use a pak cache.
[2017.07.27-05.59.23:136][  0]LogDerivedDataCache: Unable to find inner node CompressedPak for hierarchical cache Hierarchy.
[2017.07.27-05.59.23:152][  0]LogDerivedDataCache:Display: Pak cache opened for reading ../../../Engine/DerivedDataCache/Compressed.ddp.
[2017.07.27-05.59.23:164][  0]LogDerivedDataCache: Using Local data cache path C:/Users/parkcom/AppData/Local/UnrealEngine/Common/DerivedDataCache: Writable
[2017.07.27-05.59.23:172][  0]LogMaterial: Verifying Global Shaders for PCD3D_SM5
[2017.07.27-05.59.23:172][  0]LogSlate: Using Freetype 2.6.0
[2017.07.27-05.59.23:173][  0]LogSlate: SlateFontCache - WITH_FREETYPE: 1, WITH_HARFBUZZ: 1
[2017.07.27-05.59.23:173][  0]LogSlate: SlateFontCache - WITH_FREETYPE: 1, WITH_HARFBUZZ: 1
[2017.07.27-05.59.23:425][  0]LogAssetRegistry: FAssetRegistry took 0.0039 seconds to start up
[2017.07.27-05.59.23:430][  0]LogPackageLocalizationCache: Processed 4 localized package path(s) for 2 prioritized culture(s) in 0.005521 seconds
[2017.07.27-05.59.23:553][  0]LogInit: Selected Device Profile: [Windows]
[2017.07.27-05.59.23:556][  0]LogContentStreaming: Texture pool size is 1000.00 MB
[2017.07.27-05.59.23:841][  0]LogMeshUtilities: Using QuadricMeshReduction for automatic static mesh reduction
[2017.07.27-05.59.23:909][  0]LogSimplygon: Simplygon DLL not present - disabling.
[2017.07.27-05.59.23:978][  0]LogMeshUtilities: Using SimplygonSwarm for distributed automatic mesh merging
[2017.07.27-05.59.23:978][  0]LogMeshUtilities: No automatic skeletal mesh reduction module available
[2017.07.27-05.59.23:978][  0]LogMeshUtilities: No automatic mesh merging module available
[2017.07.27-05.59.24:470][  0]LogNetVersion: StreamProject , NetCL: 3452394, EngineNetVer: 2, GameNetVer: 0 (Checksum: 111757165)
[2017.07.27-05.59.25:996][  0]LogMoviePlayer: Initializing movie player
[2017.07.27-05.59.26:468][  0]LogCollectionManager: Loaded 0 collections in 0.002041 seconds
[2017.07.27-05.59.26:531][  0]LogFileCache: Scanning file cache for directory 'C:/Users/parkcom/Documents/Unreal Projects/StreamProject/Saved/Collections/' took 0.01s
[2017.07.27-05.59.26:531][  0]LogFileCache: Scanning file cache for directory 'C:/Users/parkcom/Documents/Unreal Projects/StreamProject/Content/Developers/parkcom/Collections/' took 0.01s
[2017.07.27-05.59.26:531][  0]LogFileCache: Scanning file cache for directory 'C:/Users/parkcom/Documents/Unreal Projects/StreamProject/Content/Collections/' took 0.01s
[2017.07.27-05.59.26:531][  0]LogCollectionManager: Rebuilt the object cache for 0 collections in 0.000001 seconds (found 0 objects)
[2017.07.27-05.59.26:531][  0]LogCollectionManager: Fixed up redirectors for 0 collections in 0.000029 seconds (updated 0 objects)
[2017.07.27-05.59.26:780][  0]LogTcpMessaging: Initializing TcpMessaging bridge
[2017.07.27-05.59.26:832][  0]LogUdpMessaging: Initializing bridge on interface 0.0.0.0:0 to multicast group 230.0.0.1:6666.
[2017.07.27-05.59.27:393][  0]SourceControl: 정보 소스 콘트롤이 꺼졌습니다.
[2017.07.27-05.59.27:393][  0]SourceControl: 정보 소스 콘트롤이 꺼졌습니다.
[2017.07.27-05.59.27:465][  0]SourceControl: 정보 소스 콘트롤이 꺼졌습니다.
[2017.07.27-05.59.27:779][  0]LogAndroidPermission: UAndroidPermissionCallbackProxy::GetInstance
[2017.07.27-05.59.28:396][  0]LogUObjectArray: 37220 objects as part of root set at end of initial load.
[2017.07.27-05.59.28:396][  0]LogUObjectAllocator: 8398848 out of 0 bytes used by permanent object pool.
[2017.07.27-05.59.28:396][  0]LogUObjectArray: CloseDisregardForGC: 0/0 objects in disregard for GC pool
[2017.07.27-05.59.28:530][  0]LogEngine: Initializing Engine...
[2017.07.27-05.59.28:531][  0]LogHMD: Failed to initialize OpenVR with code 110
[2017.07.27-05.59.28:703][  0]LogStats: UGameplayTagsManager::ConstructGameplayTagTree: Construct from data asset -  0.000 s
[2017.07.27-05.59.28:703][  0]LogStats: UGameplayTagsManager::ConstructGameplayTagTree: GameplayTagTreeChangedEvent.Broadcast -  0.000 s
[2017.07.27-05.59.28:719][  0]LogInit: XAudio2 using '헤드폰(High Definition Audio 장치)' : 2 channels at 44.1 kHz using 16 bits per sample (channel mask 0x3)
[2017.07.27-05.59.28:730][  0]LogInit: FAudioDevice initialized.
[2017.07.27-05.59.28:753][  0]LogInit: Texture streaming: Enabled
[2017.07.27-05.59.28:766][  0]LogMaterial: Uniform references updated for custom material expression Custom.
[2017.07.27-05.59.29:113][  0]LogSlateStyle:Warning: 'NormalText' 슬레이트 위젯 스타일을 찾을 수 없습니다. 대신 FTextBlockStyle 디폴트를 사용합니다.
[2017.07.27-05.59.29:113][  0]LogSlateStyle:Warning: 'SpinBox' 슬레이트 위젯 스타일을 찾을 수 없습니다. 대신 FSpinBoxStyle 디폴트를 사용합니다.
[2017.07.27-05.59.29:602][  0]LogInit:Display: Game Engine Initialized.
[2017.07.27-05.59.29:815][  0]LogInit:Display: Starting Game.
[2017.07.27-05.59.29:815][  0]LogNet: Browse: /Temp/Autosaves/Game/Maps/UEDPCMainMenu?Name=Player
[2017.07.27-05.59.29:815][  0]LogLoad: LoadMap: /Temp/Autosaves/Game/Maps/UEDPCMainMenu?Name=Player
[2017.07.27-05.59.29:833][  0]LogMemory: Platform Memory Stats for Windows
[2017.07.27-05.59.29:833][  0]LogMemory: Process Physical Memory: 772.92 MB used, 876.57 MB peak
[2017.07.27-05.59.29:833][  0]LogMemory: Process Virtual Memory: 879.79 MB used, 939.06 MB peak
[2017.07.27-05.59.29:833][  0]LogMemory: Physical Memory: 9823.45 MB used,  6515.71 MB free, 16339.16 MB total
[2017.07.27-05.59.29:833][  0]LogMemory: Virtual Memory: 1468.44 MB used,  6515.71 MB free, 8388608.00 MB total
[2017.07.27-05.59.29:833][  0]LogMemory: 
[2017.07.27-05.59.29:833][  0]Allocator Stats for TBB: (not implemented)
[2017.07.27-05.59.30:027][  0]LogAIModule: Creating AISystem for world MainMenu
[2017.07.27-05.59.30:138][  0]LogLoad: Game class is 'ThirdPersonGameMode_C'
[2017.07.27-05.59.30:139][  0]LogWorld: Bringing World /Temp/Autosaves/Game/Maps/UEDPCMainMenu.MainMenu up for play (max tick rate 0) at 2017.07.27-14.59.30
[2017.07.27-05.59.30:139][  0]LogWorld: Bringing up level for play took: 0.000559
[2017.07.27-05.59.30:174][  0]LogLoad: Took 0.358866 seconds to LoadMap(/Temp/Autosaves/Game/Maps/UEDPCMainMenu)
[2017.07.27-05.59.30:446][  0]LogRenderer: Reallocating scene render targets to support 1280x720 NumSamples 1 (Frame:1).
[2017.07.27-05.59.30:446][  0]LogLoad: (Engine Initialization) Total time: 12.06 seconds
[2017.07.27-05.59.30:446][  0]LogLoad: (Engine Initialization) Total Blueprint compile time: 0.19 seconds
[2017.07.27-05.59.30:446][  0]LogExternalProfiler: Found external profiler: VSPerf
[2017.07.27-05.59.30:446][  0]LogExternalProfiler: Using external profiler: VSPerf
[2017.07.27-05.59.30:464][  0]LogOcInput: OculusInput pre-init called
[2017.07.27-05.59.30:464][  0]LogHMD: Starting GearVRController plugin
[2017.07.27-05.59.49:915][204]LogSlate: Took 0.000562 seconds to synchronously load lazily loaded font '../../../Engine/Content/Slate/Fonts/Roboto-Regular.ttf' (155K)
[2017.07.27-05.59.55:555][554]LogNetVersion: StreamProject 1.0.0.0, NetCL: 3452394, EngineNetVer: 2, GameNetVer: 0 (Checksum: 3351956437)
[2017.07.27-05.59.55:558][554]LogInit: WinSock: I am parkcom (192.168.126.60:0)
[2017.07.27-05.59.55:659][554]LogPackageName: SearchForPackageOnDisk took   0.099s to resolve Lobby.umap.
[2017.07.27-05.59.55:723][554]LogPackageName: SearchForPackageOnDisk took   0.063s to resolve Lobby.umap.
[2017.07.27-05.59.55:723][554]LogNet: Browse: /Game/Maps/Lobby?listen
[2017.07.27-05.59.55:723][554]LogLoad: LoadMap: /Game/Maps/Lobby?listen
[2017.07.27-05.59.55:742][554]LogMemory: Platform Memory Stats for Windows
[2017.07.27-05.59.55:742][554]LogMemory: Process Physical Memory: 779.54 MB used, 876.57 MB peak
[2017.07.27-05.59.55:742][554]LogMemory: Process Virtual Memory: 995.79 MB used, 1072.60 MB peak
[2017.07.27-05.59.55:742][554]LogMemory: Physical Memory: 9653.92 MB used,  6685.24 MB free, 16339.16 MB total
[2017.07.27-05.59.55:742][554]LogMemory: Virtual Memory: 1591.90 MB used,  6685.24 MB free, 8388608.00 MB total
[2017.07.27-05.59.55:742][554]LogMemory: 
[2017.07.27-05.59.55:742][554]Allocator Stats for TBB: (not implemented)
[2017.07.27-05.59.55:899][554]LogAIModule: Creating AISystem for world Lobby
[2017.07.27-05.59.55:899][554]LogLoad: Game class is 'LobbyGM_C'
[2017.07.27-05.59.55:900][554]LogTemp:Display: ParseSettings for GameNetDriver
[2017.07.27-05.59.55:900][554]LogTemp:Display: ParseSettings for IpNetDriver_0
[2017.07.27-05.59.55:900][554]LogTemp:Display: ParseSettings for GameNetDriver
[2017.07.27-05.59.55:900][554]LogInit: WinSock: Socket queue 131072 / 131072
[2017.07.27-05.59.55:900][554]PacketHandlerLog: Loaded PacketHandler component: Engine.EngineHandlerComponentFactory (StatelessConnectHandlerComponent)
[2017.07.27-05.59.55:900][554]LogNet: GameNetDriver IpNetDriver_0 IpNetDriver listening on port 7777
[2017.07.27-05.59.55:902][554]LogWorld: Bringing World /Game/Maps/Lobby.Lobby up for play (max tick rate 0) at 2017.07.27-14.59.55
[2017.07.27-05.59.55:902][554]LogWorld: Bringing up level for play took: 0.001132
[2017.07.27-05.59.55:906][554]LogLoad: Took 0.182508 seconds to LoadMap(/Game/Maps/Lobby)
[2017.07.27-06.00.00:118][803]LogEngine: All Windows Closed
[2017.07.27-06.00.00:118][803]LogWindows: FPlatformMisc::RequestExit(0)
[2017.07.27-06.00.00:534][804]LogNet: World NetDriver shutdown IpNetDriver_0 [GameNetDriver]
[2017.07.27-06.00.00:534][804]LogNet: DestroyNamedNetDriver IpNetDriver_0 [GameNetDriver]
[2017.07.27-06.00.00:535][804]LogExit: GameNetDriver IpNetDriver_0 shut down
[2017.07.27-06.00.00:538][804]LogExit: Preparing to exit.
[2017.07.27-06.00.00:538][804]LogMoviePlayer: Shutting down movie player
[2017.07.27-06.00.01:006][804]LogExit: Game engine shut down
[2017.07.27-06.00.01:061][804]LogObj: Freed 0b from 0 cluster array pools.
[2017.07.27-06.00.01:061][804]LogExit: Object subsystem successfully closed.
[2017.07.27-06.00.01:077][804]LogD3D11RHI: Shutdown
[2017.07.27-06.00.01:077][804]LogD3D11RHI: CleanupD3DDevice
[2017.07.27-06.00.01:114][804]LogD3D11RHI: ~FD3D11DynamicRHI
[2017.07.27-06.00.01:123][804]LogModuleManager: Shutting down and abandoning module SequenceRecorderSections (299)
[2017.07.27-06.00.01:123][804]LogModuleManager: Shutting down and abandoning module SequenceRecorder (297)
[2017.07.27-06.00.01:123][804]LogModuleManager: Shutting down and abandoning module AutomationController (295)
[2017.07.27-06.00.01:124][804]LogModuleManager: Shutting down and abandoning module AutomationWorker (293)
[2017.07.27-06.00.01:124][804]LogModuleManager: Shutting down and abandoning module Voice (291)
[2017.07.27-06.00.01:124][804]LogModuleManager: Shutting down and abandoning module AIModule (289)
[2017.07.27-06.00.01:124][804]LogModuleManager: Shutting down and abandoning module GameplayDebugger (288)
[2017.07.27-06.00.01:124][804]LogModuleManager: Shutting down and abandoning module AITestSuite (286)
[2017.07.27-06.00.01:124][804]LogModuleManager: Shutting down and abandoning module WmfMediaFactory (283)
[2017.07.27-06.00.01:124][804]LogModuleManager: Shutting down and abandoning module AvfMediaFactory (281)
[2017.07.27-06.00.01:124][804]LogModuleManager: Shutting down and abandoning module AndroidMediaFactory (279)
[2017.07.27-06.00.01:124][804]LogModuleManager: Shutting down and abandoning module Media (278)
[2017.07.27-06.00.01:124][804]LogModuleManager: Shutting down and abandoning module CharacterAI (275)
[2017.07.27-06.00.01:124][804]LogModuleManager: Shutting down and abandoning module SessionServices (273)
[2017.07.27-06.00.01:124][804]LogModuleManager: Shutting down and abandoning module MovieSceneCapture (271)
[2017.07.27-06.00.01:124][804]LogModuleManager: Shutting down and abandoning module MovieSceneTracks (269)
[2017.07.27-06.00.01:124][804]LogModuleManager: Shutting down and abandoning module MovieScene (267)
[2017.07.27-06.00.01:124][804]LogModuleManager: Shutting down and abandoning module GeometryCache (265)
[2017.07.27-06.00.01:124][804]LogModuleManager: Shutting down and abandoning module GeometryCacheEd (264)
[2017.07.27-06.00.01:124][804]LogModuleManager: Shutting down and abandoning module Niagara (261)
[2017.07.27-06.00.01:124][804]LogModuleManager: Shutting down and abandoning module NiagaraEditor (260)
[2017.07.27-06.00.01:124][804]LogModuleManager: Shutting down and abandoning module StreamingPauseRendering (257)
[2017.07.27-06.00.01:124][804]LogModuleManager: Shutting down and abandoning module PortalServices (255)
[2017.07.27-06.00.01:124][804]LogModuleManager: Shutting down and abandoning module PortalRpc (253)
[2017.07.27-06.00.01:124][804]LogModuleManager: Shutting down and abandoning module MessagingRpc (251)
[2017.07.27-06.00.01:124][804]LogModuleManager: Shutting down and abandoning module ProfilerService (249)
[2017.07.27-06.00.01:247][804]LogModuleManager: Shutting down and abandoning module TaskGraph (247)
[2017.07.27-06.00.01:247][804]LogModuleManager: Shutting down and abandoning module SteamVRController (245)
[2017.07.27-06.00.01:247][804]LogModuleManager: Shutting down and abandoning module SteamVR (243)
[2017.07.27-06.00.01:247][804]LogModuleManager: Shutting down and abandoning module ProceduralMeshComponent (241)
[2017.07.27-06.00.01:247][804]LogModuleManager: Shutting down and abandoning module OculusLibrary (239)
[2017.07.27-06.00.01:247][804]LogModuleManager: Shutting down and abandoning module OculusInput (237)
[2017.07.27-06.00.01:247][804]LogModuleManager: Shutting down and abandoning module MobilePatchingUtils (235)
[2017.07.27-06.00.01:247][804]LogModuleManager: Shutting down and abandoning module CustomMeshComponent (233)
[2017.07.27-06.00.01:247][804]LogModuleManager: Shutting down and abandoning module CableComponent (231)
[2017.07.27-06.00.01:247][804]LogModuleManager: Shutting down and abandoning module ArchVisCharacter (229)
[2017.07.27-06.00.01:247][804]LogModuleManager: Shutting down and abandoning module AndroidPermission (227)
[2017.07.27-06.00.01:247][804]LogModuleManager: Shutting down and abandoning module HTML5Networking (225)
[2017.07.27-06.00.01:247][804]LogModuleManager: Shutting down and abandoning module VisualStudioSourceCodeAccess (223)
[2017.07.27-06.00.01:247][804]LogModuleManager: Shutting down and abandoning module DesktopPlatform (222)
[2017.07.27-06.00.01:247][804]LogModuleManager: Shutting down and abandoning module HotReload (220)
[2017.07.27-06.00.01:247][804]LogModuleManager: Shutting down and abandoning module UObjectPlugin (217)
[2017.07.27-06.00.01:247][804]LogModuleManager: Shutting down and abandoning module SubversionSourceControl (215)
[2017.07.27-06.00.01:247][804]LogModuleManager: Shutting down and abandoning module PerforceSourceControl (213)
[2017.07.27-06.00.01:247][804]LogModuleManager: Shutting down and abandoning module SourceControl (212)
[2017.07.27-06.00.01:248][804]LogModuleManager: Shutting down and abandoning module PhysXVehiclesEditor (209)
[2017.07.27-06.00.01:248][804]LogModuleManager: Shutting down and abandoning module PhysXVehicles (207)
[2017.07.27-06.00.01:248][804]LogModuleManager: Shutting down and abandoning module LocationServicesBPLibrary (205)
[2017.07.27-06.00.01:248][804]LogModuleManager: Shutting down and abandoning module ImmediatePhysicsEditor (203)
[2017.07.27-06.00.01:248][804]LogModuleManager: Shutting down and abandoning module ImmediatePhysics (201)
[2017.07.27-06.00.01:248][804]LogModuleManager: Shutting down and abandoning module UdpMessaging (199)
[2017.07.27-06.00.01:348][804]LogModuleManager: Shutting down and abandoning module TcpMessaging (197)
[2017.07.27-06.00.01:784][804]LogModuleManager: Shutting down and abandoning module GameplayTagsEditor (195)
[2017.07.27-06.00.01:785][804]LogModuleManager: Shutting down and abandoning module FacialAnimation (193)
[2017.07.27-06.00.01:785][804]LogModuleManager: Shutting down and abandoning module AssetManagerEditor (191)
[2017.07.27-06.00.01:785][804]LogModuleManager: Shutting down and abandoning module GraphEditor (190)
[2017.07.27-06.00.01:785][804]LogModuleManager: Shutting down and abandoning module ContentBrowser (188)
[2017.07.27-06.00.01:785][804]LogModuleManager: Shutting down and abandoning module CollectionManager (187)
[2017.07.27-06.00.01:785][804]LogDirectoryWatcher: A directory notification for 'C:/Users/parkcom/Documents/Unreal Projects/StreamProject/Content/Collections/' was aborted.
[2017.07.27-06.00.01:785][804]LogDirectoryWatcher: A directory notification for 'C:/Users/parkcom/Documents/Unreal Projects/StreamProject/Content/Developers/parkcom/Collections/' was aborted.
[2017.07.27-06.00.01:785][804]LogDirectoryWatcher: A directory notification for 'C:/Users/parkcom/Documents/Unreal Projects/StreamProject/Saved/Collections/' was aborted.
[2017.07.27-06.00.01:786][804]LogModuleManager: Shutting down and abandoning module DirectoryWatcher (186)
[2017.07.27-06.00.01:786][804]LogModuleManager: Shutting down and abandoning module LightPropagationVolumeRuntime (181)
[2017.07.27-06.00.01:786][804]LogModuleManager: Shutting down and abandoning module Paper2D (179)
[2017.07.27-06.00.01:786][804]LogModuleManager: Shutting down and abandoning module WindowsMoviePlayer (177)
[2017.07.27-06.00.01:786][804]LogModuleManager: Shutting down and abandoning module WmfMedia (175)
[2017.07.27-06.00.01:787][804]LogModuleManager: Shutting down and abandoning module ClothingSystemEditor (173)
[2017.07.27-06.00.01:787][804]LogModuleManager: Shutting down and abandoning module ClothingSystemRuntime (171)
[2017.07.27-06.00.01:787][804]LogModuleManager: Shutting down and abandoning module MediaAssets (169)
[2017.07.27-06.00.01:787][804]LogModuleManager: Shutting down and abandoning module GameLiveStreaming (167)
[2017.07.27-06.00.01:788][804]LogModuleManager: Shutting down and abandoning module VREditor (165)
[2017.07.27-06.00.01:788][804]LogModuleManager: Shutting down and abandoning module StringTableEditor (163)
[2017.07.27-06.00.01:788][804]LogModuleManager: Shutting down and abandoning module GameplayTasksEditor (161)
[2017.07.27-06.00.01:788][804]LogModuleManager: Shutting down and abandoning module BehaviorTreeEditor (159)
[2017.07.27-06.00.01:788][804]LogModuleManager: Shutting down and abandoning module FunctionalTesting (157)
[2017.07.27-06.00.01:788][804]LogModuleManager: Shutting down and abandoning module CollisionAnalyzer (155)
[2017.07.27-06.00.01:788][804]LogModuleManager: Shutting down and abandoning module UMG (153)
[2017.07.27-06.00.01:788][804]LogModuleManager: Shutting down and abandoning module UMGEditor (152)
[2017.07.27-06.00.01:788][804]LogModuleManager: Shutting down and abandoning module Sequencer (151)
[2017.07.27-06.00.01:788][804]LogModuleManager: Shutting down and abandoning module AssetTools (149)
[2017.07.27-06.00.01:788][804]LogModuleManager: Shutting down and abandoning module MessageLog (148)
[2017.07.27-06.00.01:788][804]LogModuleManager: Shutting down and abandoning module WorkspaceMenuStructure (147)
[2017.07.27-06.00.01:788][804]LogModuleManager: Shutting down and abandoning module SlateReflector (141)
[2017.07.27-06.00.01:788][804]LogModuleManager: Shutting down and abandoning module Slate (139)
[2017.07.27-06.00.01:788][804]LogModuleManager: Shutting down and abandoning module EditorStyle (137)
[2017.07.27-06.00.01:797][804]LogModuleManager: Shutting down and abandoning module Messaging (135)
[2017.07.27-06.00.01:797][804]LogModuleManager: Shutting down and abandoning module SourceCodeAccess (133)
[2017.07.27-06.00.01:797][804]LogModuleManager: Shutting down and abandoning module HeadMountedDisplay (131)
[2017.07.27-06.00.01:797][804]LogModuleManager: Shutting down and abandoning module XAudio2 (129)
[2017.07.27-06.00.01:797][804]LogModuleManager: Shutting down and abandoning module Networking (127)
[2017.07.27-06.00.01:797][804]LogModuleManager: Shutting down and abandoning module Core (125)
[2017.07.27-06.00.01:797][804]LogModuleManager: Shutting down and abandoning module KismetCompiler (123)
[2017.07.27-06.00.01:797][804]LogModuleManager: Shutting down and abandoning module PhysXFormats (121)
[2017.07.27-06.00.01:797][804]LogModuleManager: Shutting down and abandoning module MeshUtilities (119)
[2017.07.27-06.00.01:797][804]LogModuleManager: Shutting down and abandoning module SimplygonSwarm (118)
[2017.07.27-06.00.01:797][804]LogModuleManager: Shutting down and abandoning module SimplygonMeshReduction (116)
[2017.07.27-06.00.01:797][804]LogModuleManager: Shutting down and abandoning module QuadricMeshReduction (114)
[2017.07.27-06.00.01:797][804]LogModuleManager: Shutting down and abandoning module LevelSequence (111)
[2017.07.27-06.00.01:797][804]LogModuleManager: Shutting down and abandoning module AssetRegistry (109)
[2017.07.27-06.00.01:798][804]LogModuleManager: Shutting down and abandoning module DerivedDataCache (107)
[2017.07.27-06.00.02:159][804]LogDerivedDataCache: Shutdown
[2017.07.27-06.00.02:159][804]LogModuleManager: Shutting down and abandoning module TargetPlatform (105)
[2017.07.27-06.00.02:160][804]LogModuleManager: Shutting down and abandoning module VulkanShaderFormat (104)
[2017.07.27-06.00.02:160][804]LogModuleManager: Shutting down and abandoning module ShaderFormatVectorVM (102)
[2017.07.27-06.00.02:160][804]LogModuleManager: Shutting down and abandoning module ShaderFormatOpenGL (100)
[2017.07.27-06.00.02:160][804]LogModuleManager: Shutting down and abandoning module ShaderFormatD3D (98)
[2017.07.27-06.00.02:160][804]LogModuleManager: Shutting down and abandoning module MetalShaderFormat (96)
[2017.07.27-06.00.02:160][804]LogModuleManager: Shutting down and abandoning module TextureFormatUncompressed (94)
[2017.07.27-06.00.02:160][804]LogModuleManager: Shutting down and abandoning module TextureFormatPVR (92)
[2017.07.27-06.00.02:160][804]LogModuleManager: Shutting down and abandoning module TextureFormatDXT (90)
[2017.07.27-06.00.02:160][804]LogModuleManager: Shutting down and abandoning module TextureFormatIntelISPCTexComp (88)
[2017.07.27-06.00.02:160][804]LogModuleManager: Shutting down and abandoning module TextureFormatASTC (86)
[2017.07.27-06.00.02:160][804]LogModuleManager: Shutting down and abandoning module ImageWrapper (85)
[2017.07.27-06.00.02:160][804]LogModuleManager: Shutting down and abandoning module TextureFormatAndroid (82)
[2017.07.27-06.00.02:160][804]LogModuleManager: Shutting down and abandoning module AudioFormatOpus (80)
[2017.07.27-06.00.02:160][804]LogModuleManager: Shutting down and abandoning module AudioFormatOgg (78)
[2017.07.27-06.00.02:160][804]LogModuleManager: Shutting down and abandoning module AudioFormatADPCM (76)
[2017.07.27-06.00.02:160][804]LogModuleManager: Shutting down and abandoning module WindowsTargetPlatform (74)
[2017.07.27-06.00.02:160][804]LogModuleManager: Shutting down and abandoning module WindowsServerTargetPlatform (72)
[2017.07.27-06.00.02:160][804]LogModuleManager: Shutting down and abandoning module WindowsNoEditorTargetPlatform (70)
[2017.07.27-06.00.02:160][804]LogModuleManager: Shutting down and abandoning module WindowsClientTargetPlatform (68)
[2017.07.27-06.00.02:160][804]LogModuleManager: Shutting down and abandoning module InputCore (65)
[2017.07.27-06.00.02:160][804]LogModuleManager: Shutting down and abandoning module Settings (63)
[2017.07.27-06.00.02:160][804]LogModuleManager: Shutting down and abandoning module OculusRift (61)
[2017.07.27-06.00.02:160][804]LogModuleManager: Shutting down and abandoning module GearVRController (59)
[2017.07.27-06.00.02:160][804]LogModuleManager: Shutting down and abandoning module GearVR (57)
[2017.07.27-06.00.02:160][804]LogModuleManager: Shutting down and abandoning module ExampleDeviceProfileSelector (55)
[2017.07.27-06.00.02:160][804]LogModuleManager: Shutting down and abandoning module OnlineBlueprintSupport (53)
[2017.07.27-06.00.02:160][804]LogModuleManager: Shutting down and abandoning module OnlineSubsystem (49)
[2017.07.27-06.00.02:160][804]LogOnline:Display: OSS: FOnlineSubsystemNull::Shutdown()
[2017.07.27-06.00.02:160][804]LogOnline:Display: OSS: FOnlineAsyncTaskManager::Stop() ActiveTask:0000000000000000 Tasks[0/0]
[2017.07.27-06.00.02:162][804]LogOnline:Display: OSS: FOnlineAsyncTaskManager::Exit() started
[2017.07.27-06.00.02:162][804]LogOnline:Display: OSS: FOnlineAsyncTaskManager::Exit() finished
[2017.07.27-06.00.02:162][804]LogOnline:Display: Unloading online subsystem: NULL
[2017.07.27-06.00.02:162][804]LogModuleManager: Shutting down and abandoning module XMPP (43)
[2017.07.27-06.00.02:162][804]LogModuleManager: Shutting down and abandoning module HTTP (41)
[2017.07.27-06.00.02:177][804]LogModuleManager: Shutting down and abandoning module SSL (40)
[2017.07.27-06.00.02:180][804]LogModuleManager: Shutting down and abandoning module HTTPChunkInstaller (36)
[2017.07.27-06.00.02:180][804]LogModuleManager: Shutting down and abandoning module AnimationModifiers (34)
[2017.07.27-06.00.02:180][804]LogModuleManager: Shutting down and abandoning module PropertyEditor (33)
[2017.07.27-06.00.02:180][804]LogModuleManager: Shutting down and abandoning module AudioEditor (30)
[2017.07.27-06.00.02:180][804]LogModuleManager: Shutting down and abandoning module TextureCompressor (28)
[2017.07.27-06.00.02:180][804]LogModuleManager: Shutting down and abandoning module ShaderCore (26)
[2017.07.27-06.00.02:180][804]LogModuleManager: Shutting down and abandoning module Landscape (24)
[2017.07.27-06.00.02:180][804]LogModuleManager: Shutting down and abandoning module SlateRHIRenderer (22)
[2017.07.27-06.00.02:180][804]LogModuleManager: Shutting down and abandoning module OpenGLDrv (20)
[2017.07.27-06.00.02:180][804]LogModuleManager: Shutting down and abandoning module D3D11RHI (18)
[2017.07.27-06.00.02:180][804]LogModuleManager: Shutting down and abandoning module AnimGraphRuntime (16)
[2017.07.27-06.00.02:180][804]LogModuleManager: Shutting down and abandoning module Renderer (14)
[2017.07.27-06.00.02:180][804]LogModuleManager: Shutting down and abandoning module Engine (12)
[2017.07.27-06.00.02:180][804]LogModuleManager: Shutting down and abandoning module CoreUObject (10)
[2017.07.27-06.00.02:180][804]LogModuleManager: Shutting down and abandoning module NetworkFile (8)
[2017.07.27-06.00.02:180][804]LogModuleManager: Shutting down and abandoning module StreamingFile (6)
[2017.07.27-06.00.02:180][804]LogModuleManager: Shutting down and abandoning module SandboxFile (4)
[2017.07.27-06.00.02:180][804]LogModuleManager: Shutting down and abandoning module PakFile (2)
[2017.07.27-06.00.02:182][804]LogExit: Exiting.
[2017.07.27-06.00.02:183][804]Log file closed, 07/27/17 15:00:02
