Log file open, 07/27/17 16:17:36
LogInit:Display: Running engine for game: StreamProject
LogPlatformFile: Not using cached read wrapper
LogInit:Display: RandInit(167556811) SRandInit(167556811).
LogTaskGraph: Started task graph with 5 named threads and 8 total threads with 1 sets of task threads.
LogStats: Stats thread started at 0.090039
LogInit: Using libcurl 7.47.1
LogInit:  - built for x86_64-pc-win32
LogInit:  - supports SSL with OpenSSL/1.0.2g
LogInit:  - supports HTTP deflate (compression) using libz 1.2.8
LogInit:  - other features:
LogInit:      CURL_VERSION_SSL
LogInit:      CURL_VERSION_LIBZ
LogInit:      CURL_VERSION_IPV6
LogInit:      CURL_VERSION_ASYNCHDNS
LogInit:      CURL_VERSION_LARGEFILE
LogInit:      CURL_VERSION_IDN
LogInit:  CurlRequestOptions (configurable via config and command line):
LogInit:  - bVerifyPeer = false  - Libcurl will NOT verify peer certificate
LogInit:  - bUseHttpProxy = false  - Libcurl will NOT use HTTP proxy
LogInit:  - bDontReuseConnections = false  - Libcurl will reuse connections
LogInit:  - CertBundlePath = nullptr  - Libcurl will use whatever was configured at build time.
LogOnline:Display: STEAM: Loading Steam SDK 1.39
LogOnline:Warning: STEAM: Steam API disabled!
LogOnline:Display: STEAM: OnlineSubsystemSteam::Shutdown()
LogInit: WinSock: version 1.1 (2.2), MaxSocks=32767, MaxUdp=65467
LogInit: Build: ++UE4+Release-4.16-CL-3514769
LogInit: Engine Version: 4.16.2-3514769+++UE4+Release-4.16
LogInit: Compatible Engine Version: 4.16.0-3452394+++UE4+Release-4.16
LogInit: Net CL: 3452394
LogDevObjectVersion: Number of dev versions registered: 16
LogDevObjectVersion:   Dev-Blueprints (B0D832E4-1F89-4F0D-ACCF-7EB736FD4AA2): 9
LogDevObjectVersion:   Dev-Build (E1C64328-A22C-4D53-A36C-8E866417BD8C): 0
LogDevObjectVersion:   Dev-Core (375EC13C-06E4-48FB-B500-84F0262A717E): 2
LogDevObjectVersion:   Dev-Editor (E4B068ED-F494-42E9-A231-DA0B2E46BB41): 17
LogDevObjectVersion:   Dev-Framework (CFFC743F-43B0-4480-9391-14DF171D2073): 23
LogDevObjectVersion:   Dev-Mobile (B02B49B5-BB20-44E9-A304-32B752E40360): 0
LogDevObjectVersion:   Dev-Networking (A4E4105C-59A1-49B5-A7C5-40C4547EDFEE): 0
LogDevObjectVersion:   Dev-Online (39C831C9-5AE6-47DC-9A44-9C173E1C8E7C): 0
LogDevObjectVersion:   Dev-Physics (78F01B33-EBEA-4F98-B9B4-84EACCB95AA2): 0
LogDevObjectVersion:   Dev-Platform (6631380F-2D4D-43E0-8009-CF276956A95A): 0
LogDevObjectVersion:   Dev-Rendering (12F88B9F-8875-4AFC-A67C-D90C383ABD29): 15
LogDevObjectVersion:   Dev-Sequencer (7B5AE74C-D270-4C10-A958-57980B212A5A): 4
LogDevObjectVersion:   Dev-VR (D7296918-1DD6-4BDD-9DE2-64A83CC13884): 0
LogDevObjectVersion:   Dev-LoadTimes (C2A15278-BFE7-4AFE-6C17-90FF531DF755): 1
LogDevObjectVersion:   Private-Geometry (6EACA3D4-40EC-4CC1-B786-8BED09428FC5): 1
LogDevObjectVersion:   Dev-AnimPhys (29E575DD-E0A3-4627-9D10-D276232CDCEA): 3
LogInit: Compiled (64-bit): Jun 29 2017 02:03:24
LogInit: Compiled with Visual C++: 19.00.24215.01
LogInit: Build Configuration: Development
LogInit: Branch Name: ++UE4+Release-4.16
LogInit: Command line: 
LogInit: Base directory: C:/Program Files/Epic Games/UE_4.16/Engine/Binaries/Win64/
LogInit: Installed Engine Build: 1
LogInit: Presizing for max 8388607 objects, including 0 objects not considered by GC, pre-allocating 0 bytes for permanent pool.
LogInit: Object subsystem initialized
[2017.07.27-07.17.37:389][  0]LogInit: Selected Device Profile: [Windows]
[2017.07.27-07.17.37:389][  0]LogInit: Applying CVar settings loaded from the selected device profile: [Windows]
[2017.07.27-07.17.37:398][  0]LogInit: Computer: PARKCOM
[2017.07.27-07.17.37:398][  0]LogInit: User: parkcom
[2017.07.27-07.17.37:398][  0]LogInit: CPU Page size=4096, Cores=4
[2017.07.27-07.17.37:398][  0]LogInit: High frequency timer resolution =3.507558 MHz
[2017.07.27-07.17.37:398][  0]LogMemory: Memory total: Physical=16.0GB (16GB approx)
[2017.07.27-07.17.37:398][  0]LogMemory: Platform Memory Stats for Windows
[2017.07.27-07.17.37:398][  0]LogMemory: Process Physical Memory: 278.61 MB used, 278.61 MB peak
[2017.07.27-07.17.37:398][  0]LogMemory: Process Virtual Memory: 263.96 MB used, 263.96 MB peak
[2017.07.27-07.17.37:398][  0]LogMemory: Physical Memory: 9301.40 MB used,  7037.76 MB free, 16339.16 MB total
[2017.07.27-07.17.37:398][  0]LogMemory: Virtual Memory: 624.89 MB used,  7037.76 MB free, 8388608.00 MB total
[2017.07.27-07.17.37:508][  0]LogInit: Using OS detected language (ko-KR).
[2017.07.27-07.17.37:508][  0]LogInit: Using OS detected locale (ko-KR).
[2017.07.27-07.17.37:511][  0]LogTextLocalizationManager: No specific localization for 'ko-KR' exists, so the 'ko' localization will be used.
[2017.07.27-07.17.38:348][  0]LogD3D11RHI: D3D11 adapters:
[2017.07.27-07.17.38:370][  0]LogD3D11RHI:    0. 'NVIDIA GeForce GTX 650 Ti' (Feature Level 11_0)
[2017.07.27-07.17.38:370][  0]LogD3D11RHI:       971/0/3072 MB DedicatedVideo/DedicatedSystem/SharedSystem, Outputs:2, VendorId:0x10de
[2017.07.27-07.17.38:370][  0]LogD3D11RHI: Chosen D3D11 Adapter: 0
[2017.07.27-07.17.38:376][  0]LogD3D11RHI: Creating new Direct3DDevice
[2017.07.27-07.17.38:376][  0]LogD3D11RHI:     GPU DeviceId: 0x11c6 (for the marketing name, search the web for "GPU Device Id")
[2017.07.27-07.17.38:376][  0]LogWindows: EnumDisplayDevices:
[2017.07.27-07.17.38:377][  0]LogWindows:    0. 'NVIDIA GeForce GTX 650 Ti' (P:1 D:1)
[2017.07.27-07.17.38:377][  0]LogWindows:    1. 'NVIDIA GeForce GTX 650 Ti' (P:0 D:1)
[2017.07.27-07.17.38:377][  0]LogWindows:    2. 'NVIDIA GeForce GTX 650 Ti' (P:0 D:0)
[2017.07.27-07.17.38:378][  0]LogWindows:    3. 'RDPDD Chained DD' (P:0 D:0)
[2017.07.27-07.17.38:378][  0]LogWindows:    4. 'RDP Encoder Mirror Driver' (P:0 D:0)
[2017.07.27-07.17.38:378][  0]LogWindows:    5. 'RDP Reflector Display Driver' (P:0 D:0)
[2017.07.27-07.17.38:378][  0]LogWindows: DebugString: GetVideoDriverDetailsInvalid PrimaryIsNotTheChoosenAdapter GetVideoDriverDetailsInvalid PrimaryIsNotTheChoosenAdapter GetVideoDriverDetailsInvalid PrimaryIsNotTheChoosenAdapter FoundDriverCount:3 
[2017.07.27-07.17.38:378][  0]LogD3D11RHI:     Adapter Name: NVIDIA GeForce GTX 650 Ti
[2017.07.27-07.17.38:378][  0]LogD3D11RHI:   Driver Version: 382.33 (internal:22.21.13.8233, unified:382.33)
[2017.07.27-07.17.38:378][  0]LogD3D11RHI:      Driver Date: 5-17-2017
[2017.07.27-07.17.38:378][  0]LogRHI: Texture pool is 680 MB (70% of 971 MB)
[2017.07.27-07.17.38:387][  0]LogD3D11RHI: Async texture creation enabled
[2017.07.27-07.17.38:401][  0]LogD3D11RHI: GPU Timing Frequency: 1000.000000 (Debug: 2 2)
[2017.07.27-07.17.38:402][  0]LogD3D11RHI: HDR output is supported on display 0 (NvId: 0x80061081).
[2017.07.27-07.17.38:403][  0]LogShaderCompilers: Guid format shader working directory is -24 characters bigger than the processId version (../../../../../../Users/parkcom/Documents/Unreal Projects/StreamProject/Intermediate/Shaders/WorkingDirectory/20424/).
[2017.07.27-07.17.38:403][  0]LogShaderCompilers: Cleaned the shader compiler working directory 'C:/Users/parkcom/AppData/Local/Temp/UnrealShaderWorkingDir/11E85E0C4F1CBD8C9134CD8DC47C255A/'.
[2017.07.27-07.17.38:403][  0]LogShaderCompilers:Display: Using Local Shader Compiler.
[2017.07.27-07.17.39:518][  0]LogTemp:Display: Loaded TP AllDesktopTargetPlatform
[2017.07.27-07.17.39:593][  0]LogTemp:Display: Loaded TP MacClientTargetPlatform
[2017.07.27-07.17.39:670][  0]LogTemp:Display: Loaded TP MacNoEditorTargetPlatform
[2017.07.27-07.17.39:749][  0]LogTemp:Display: Loaded TP MacServerTargetPlatform
[2017.07.27-07.17.39:824][  0]LogTemp:Display: Loaded TP MacTargetPlatform
[2017.07.27-07.17.39:900][  0]LogTemp:Display: Loaded TP WindowsClientTargetPlatform
[2017.07.27-07.17.39:975][  0]LogTemp:Display: Loaded TP WindowsNoEditorTargetPlatform
[2017.07.27-07.17.40:053][  0]LogTemp:Display: Loaded TP WindowsServerTargetPlatform
[2017.07.27-07.17.40:122][  0]LogTemp:Display: Loaded TP WindowsTargetPlatform
[2017.07.27-07.17.40:199][  0]LogTemp:Display: Loaded TP AndroidTargetPlatform
[2017.07.27-07.17.40:273][  0]LogTemp:Display: Loaded TP Android_ASTCTargetPlatform
[2017.07.27-07.17.40:351][  0]LogTemp:Display: Loaded TP Android_ATCTargetPlatform
[2017.07.27-07.17.40:427][  0]LogTemp:Display: Loaded TP Android_DXTTargetPlatform
[2017.07.27-07.17.40:503][  0]LogTemp:Display: Loaded TP Android_ETC1TargetPlatform
[2017.07.27-07.17.40:582][  0]LogTemp:Display: Loaded TP Android_ETC2TargetPlatform
[2017.07.27-07.17.40:726][  0]LogTemp:Display: Loaded TP Android_MultiTargetPlatform
[2017.07.27-07.17.40:726][  0]LogTemp:Display: Loaded TP Android_PVRTCTargetPlatform
[2017.07.27-07.17.40:789][  0]LogTemp:Display: Loaded TP HTML5TargetPlatform
[2017.07.27-07.17.40:920][  0]LogTemp:Display: Loaded TP IOSTargetPlatform
[2017.07.27-07.17.40:960][  0]LogTemp:Display: Loaded TP TVOSTargetPlatform
[2017.07.27-07.17.41:033][  0]LogTemp:Display: Loaded TP LinuxClientTargetPlatform
[2017.07.27-07.17.41:107][  0]LogTemp:Display: Loaded TP LinuxNoEditorTargetPlatform
[2017.07.27-07.17.41:183][  0]LogTemp:Display: Loaded TP LinuxServerTargetPlatform
[2017.07.27-07.17.41:261][  0]LogTemp:Display: Loaded TP LinuxTargetPlatform
[2017.07.27-07.17.41:261][  0]LogTargetPlatformManager:Display: Building Assets For Windows
[2017.07.27-07.17.42:043][  0]LogDerivedDataCache:Display: Max Cache Size: 512 MB
[2017.07.27-07.17.42:135][  0]LogDerivedDataCache: Loaded boot cache 0.09s 90MB C:/Users/parkcom/AppData/Local/UnrealEngine/4.16/DerivedDataCache/Boot.ddc.
[2017.07.27-07.17.42:135][  0]LogDerivedDataCache:Display: Loaded Boot cache: C:/Users/parkcom/AppData/Local/UnrealEngine/4.16/DerivedDataCache/Boot.ddc
[2017.07.27-07.17.42:135][  0]LogDerivedDataCache: FDerivedDataBackendGraph:  Pak pak cache file ../../../../../../Users/parkcom/Documents/Unreal Projects/StreamProject/DerivedDataCache/DDC.ddp not found, will not use a pak cache.
[2017.07.27-07.17.42:135][  0]LogDerivedDataCache: Unable to find inner node Pak for hierarchical cache Hierarchy.
[2017.07.27-07.17.42:136][  0]LogDerivedDataCache: FDerivedDataBackendGraph:  CompressedPak pak cache file ../../../../../../Users/parkcom/Documents/Unreal Projects/StreamProject/DerivedDataCache/Compressed.ddp not found, will not use a pak cache.
[2017.07.27-07.17.42:136][  0]LogDerivedDataCache: Unable to find inner node CompressedPak for hierarchical cache Hierarchy.
[2017.07.27-07.17.42:153][  0]LogDerivedDataCache:Display: Pak cache opened for reading ../../../Engine/DerivedDataCache/Compressed.ddp.
[2017.07.27-07.17.42:166][  0]LogDerivedDataCache: Using Local data cache path C:/Users/parkcom/AppData/Local/UnrealEngine/Common/DerivedDataCache: Writable
[2017.07.27-07.17.42:175][  0]LogMaterial: Verifying Global Shaders for PCD3D_SM5
[2017.07.27-07.17.42:175][  0]LogSlate: Using Freetype 2.6.0
[2017.07.27-07.17.42:176][  0]LogSlate: SlateFontCache - WITH_FREETYPE: 1, WITH_HARFBUZZ: 1
[2017.07.27-07.17.42:176][  0]LogSlate: SlateFontCache - WITH_FREETYPE: 1, WITH_HARFBUZZ: 1
[2017.07.27-07.17.42:563][  0]LogInit: Selected Device Profile: [Windows]
[2017.07.27-07.17.42:567][  0]LogContentStreaming: Texture pool size is 0.00 MB
[2017.07.27-07.17.42:868][  0]LogMeshUtilities: Using QuadricMeshReduction for automatic static mesh reduction
[2017.07.27-07.17.42:940][  0]LogSimplygon: Simplygon DLL not present - disabling.
[2017.07.27-07.17.43:020][  0]LogMeshUtilities: Using SimplygonSwarm for distributed automatic mesh merging
[2017.07.27-07.17.43:020][  0]LogMeshUtilities: No automatic skeletal mesh reduction module available
[2017.07.27-07.17.43:020][  0]LogMeshUtilities: No automatic mesh merging module available
[2017.07.27-07.17.43:619][  0]LogNetVersion: StreamProject , NetCL: 3452394, EngineNetVer: 2, GameNetVer: 0 (Checksum: 111757165)
[2017.07.27-07.17.43:695][  0]LogAssetRegistry: FAssetRegistry took 0.0233 seconds to start up
[2017.07.27-07.17.43:762][  0]LogPackageLocalizationCache: Processed 4 localized package path(s) for 2 prioritized culture(s) in 0.032752 seconds
[2017.07.27-07.17.43:767][  0]LogUObjectArray: 34201 objects as part of root set at end of initial load.
[2017.07.27-07.17.43:767][  0]LogUObjectAllocator: 7474144 out of 0 bytes used by permanent object pool.
[2017.07.27-07.17.43:767][  0]LogUObjectArray: CloseDisregardForGC: 0/0 objects in disregard for GC pool
[2017.07.27-07.17.47:035][  0]LogTcpMessaging: Initializing TcpMessaging bridge
[2017.07.27-07.17.47:087][  0]LogUdpMessaging: Initializing bridge on interface 0.0.0.0:0 to multicast group 230.0.0.1:6666.
[2017.07.27-07.17.47:857][  0]LogMaterial: Uniform references updated for custom material expression Custom.
[2017.07.27-07.17.48:457][  0]SourceControl: 정보 소스 콘트롤이 꺼졌습니다.
[2017.07.27-07.17.48:478][  0]SourceControl: 정보 소스 콘트롤이 꺼졌습니다.
[2017.07.27-07.17.48:556][  0]SourceControl: 정보 소스 콘트롤이 꺼졌습니다.
[2017.07.27-07.17.48:630][  0]SourceControl: 정보 소스 콘트롤이 꺼졌습니다.
[2017.07.27-07.17.49:038][  0]LogLinker:Warning: '/Game/VehicleBP/VehicleOverview' 파일을 찾을 수 없습니다.
[2017.07.27-07.17.49:038][  0]LogLinker:Warning: '/Game/VehicleBP/VehicleOverview' 파일을 찾을 수 없습니다.
[2017.07.27-07.17.49:038][  0]LogUObjectGlobals:Warning: 'Class /Game/VehicleBP/VehicleOverview.VehicleOverview_C' 오브젝트를 찾는 데 실패했습니다.
[2017.07.27-07.17.49:633][  0]LogAndroidPermission: UAndroidPermissionCallbackProxy::GetInstance
[2017.07.27-07.17.50:539][  0]LogEngine: Initializing Engine...
[2017.07.27-07.17.50:540][  0]LogHMD: Failed to initialize OpenVR with code 110
[2017.07.27-07.17.50:738][  0]LogStats: UGameplayTagsManager::ConstructGameplayTagTree: Construct from data asset -  0.000 s
[2017.07.27-07.17.50:738][  0]LogStats: UGameplayTagsManager::ConstructGameplayTagTree: GameplayTagTreeChangedEvent.Broadcast -  0.000 s
[2017.07.27-07.17.50:943][  0]LogAIModule: Creating AISystem for world Untitled
[2017.07.27-07.17.50:960][  0]LogInit: XAudio2 using '헤드폰(High Definition Audio 장치)' : 2 channels at 44.1 kHz using 16 bits per sample (channel mask 0x3)
[2017.07.27-07.17.50:970][  0]LogInit: FAudioDevice initialized.
[2017.07.27-07.17.51:022][  0]LogDerivedDataCache: Saved boot cache 0.05s 90MB C:/Users/parkcom/AppData/Local/UnrealEngine/4.16/DerivedDataCache/Boot.ddc.
[2017.07.27-07.17.51:036][  0]LogInit: Texture streaming: Enabled
[2017.07.27-07.17.51:184][  0]LogEngineSessionManager: EngineSessionManager initialized
[2017.07.27-07.17.51:533][  0]LogInit: Transaction tracking system initialized
[2017.07.27-07.17.52:046][  0]BlueprintLog: New page: 에디터 로드
[2017.07.27-07.17.53:610][  0]LocalizationService: 정보 현지화 서비스가 비활성화되었습니다.
[2017.07.27-07.17.54:696][  0]LogConsoleResponse:Display: 
[2017.07.27-07.17.54:859][  0]LogCook:Display: Max memory allowance for cook 16384mb min free memory 0mb
[2017.07.27-07.17.54:859][  0]LogCook:Display: Mobile HDR setting 1
[2017.07.27-07.17.55:665][  0]LogFileCache: Scanning file cache for directory 'C:/Users/parkcom/Documents/Unreal Projects/StreamProject/Content/' took 0.02s
[2017.07.27-07.17.56:487][  0]SourceControl: 정보 소스 콘트롤이 꺼졌습니다.
[2017.07.27-07.17.56:487][  0]Cmd: MAP LOAD FILE="../../../../../../Users/parkcom/Documents/Unreal Projects/StreamProject/Content/Maps/MainMenu.umap" TEMPLATE=0 SHOWPROGRESS=1 FEATURELEVEL=3
[2017.07.27-07.17.56:488][  0]LightingResults: New page: 라이팅 빌드
[2017.07.27-07.17.56:559][  0]MapCheck: New page: 맵 체크
[2017.07.27-07.17.56:559][  0]LightingResults: New page: 라이팅 빌드
[2017.07.27-07.17.56:906][  0]LogAIModule: Creating AISystem for world MainMenu
[2017.07.27-07.17.56:907][  0]LogEditorServer: Finished looking for orphan Actors (0.000 secs)
[2017.07.27-07.17.56:920][  0]Cmd: MAP CHECKDEP NOCLEARLOG
[2017.07.27-07.17.56:989][  0]MapCheck: 정보 맵 체크 완료: 오류 0 회, 경고 0 회, 소요 시간 68.72ms.
[2017.07.27-07.17.56:989][  0]LogFileHelpers: Loading map 'MainMenu' took 0.502
[2017.07.27-07.17.57:137][  0]LogCollectionManager: Loaded 0 collections in 0.001982 seconds
[2017.07.27-07.17.57:238][  0]LogFileCache: Scanning file cache for directory 'C:/Users/parkcom/Documents/Unreal Projects/StreamProject/Saved/Collections/' took 0.01s
[2017.07.27-07.17.57:238][  0]LogFileCache: Scanning file cache for directory 'C:/Users/parkcom/Documents/Unreal Projects/StreamProject/Content/Developers/parkcom/Collections/' took 0.01s
[2017.07.27-07.17.57:238][  0]LogFileCache: Scanning file cache for directory 'C:/Users/parkcom/Documents/Unreal Projects/StreamProject/Content/Collections/' took 0.01s
[2017.07.27-07.17.57:238][  0]LogCollectionManager: Rebuilt the GUID cache for 0 collections in 0.000001 seconds
[2017.07.27-07.17.57:247][  0]LogContentBrowser: Native class hierarchy populated in 0.0080 seconds. Added 2331 classes and 494 folders.
[2017.07.27-07.17.57:355][  0]LogContentBrowser: Native class hierarchy updated for 'WidgetCarousel' in 0.0005 seconds. Added 0 classes and 0 folders.
[2017.07.27-07.17.57:437][  0]LogContentBrowser: Native class hierarchy updated for 'AddContentDialog' in 0.0005 seconds. Added 0 classes and 0 folders.
[2017.07.27-07.17.57:510][  0]LogContentBrowser: Native class hierarchy updated for 'SceneOutliner' in 0.0006 seconds. Added 1 classes and 2 folders.
[2017.07.27-07.17.57:566][  0]LogCrashTracker: Crashtracker disabled due to settings.
[2017.07.27-07.17.57:570][  0]LogSlate: Took 0.000225 seconds to synchronously load lazily loaded font '../../../Engine/Content/Slate/Fonts/Roboto-Regular.ttf' (155K)
[2017.07.27-07.17.57:574][  0]LogSlate: Took 0.002934 seconds to synchronously load lazily loaded font '../../../Engine/Content/Slate/Fonts/NanumGothic.ttf' (4243K)
[2017.07.27-07.17.57:575][  0]LogSlate: Took 0.000265 seconds to synchronously load lazily loaded font '../../../Engine/Content/Slate/Fonts/Roboto-Bold.ttf' (160K)
[2017.07.27-07.17.57:580][  0]LogSlate: Took 0.000954 seconds to synchronously load lazily loaded font '../../../Engine/Content/Editor/Slate/Fonts/FontAwesome.ttf' (139K)
[2017.07.27-07.17.57:703][  0]LogRenderer: Reallocating scene render targets to support 1124x640 NumSamples 1 (Frame:1).
[2017.07.27-07.17.57:838][  0]LogUObjectGlobals:Warning: 'Class 없음.' 오브젝트를 찾는 데 실패했습니다.
[2017.07.27-07.17.57:925][  0]LogContentBrowser: Native class hierarchy updated for 'HierarchicalLODOutliner' in 0.0006 seconds. Added 1 classes and 2 folders.
[2017.07.27-07.17.57:925][  0]LogLoad: (Engine Initialization) Total time: 22.79 seconds
[2017.07.27-07.17.57:925][  0]LogLoad: (Engine Initialization) Total Blueprint compile time: 0.19 seconds
[2017.07.27-07.17.57:925][  0]LogExternalProfiler: Found external profiler: VSPerf
[2017.07.27-07.17.57:925][  0]LogExternalProfiler: Using external profiler: VSPerf
[2017.07.27-07.17.57:938][  0]LogOcInput: OculusInput pre-init called
[2017.07.27-07.17.57:939][  0]LogHMD: Starting GearVRController plugin
[2017.07.27-07.17.57:958][  0]LogContentStreaming: Texture pool size now 1000 MB
[2017.07.27-07.17.57:999][  0]LogSlate: Took 0.000572 seconds to synchronously load lazily loaded font '../../../Engine/Content/Slate/Fonts/Roboto-Light.ttf' (159K)
[2017.07.27-07.17.58:015][  1]LogAssetRegistry: Asset discovery search completed in 14.3394 seconds
[2017.07.27-07.17.58:017][  1]LogCollectionManager: Rebuilt the object cache for 0 collections in 0.000001 seconds (found 0 objects)
[2017.07.27-07.17.58:017][  1]LogCollectionManager: Fixed up redirectors for 0 collections in 0.000034 seconds (updated 0 objects)
[2017.07.27-07.19.49:777][338]LogSlate: Took 0.000173 seconds to synchronously load lazily loaded font '../../../Engine/Content/Slate/Fonts/Roboto-Light.ttf' (159K)
[2017.07.27-07.19.50:184][338]LogContentBrowser: Native class hierarchy updated for 'BlueprintGraph' in 0.0009 seconds. Added 112 classes and 0 folders.
[2017.07.27-07.19.50:708][338]LogSlate: Took 0.000218 seconds to synchronously load lazily loaded font '../../../Engine/Content/Slate/Fonts/Roboto-Regular.ttf' (155K)
[2017.07.27-07.19.57:296][820]LogSlate: Took 0.000666 seconds to synchronously load lazily loaded font '../../../Engine/Content/Editor/Slate/Fonts/Roboto-BoldCondensed.ttf' (158K)
[2017.07.27-07.20.22:806][827]LogSlate: Took 0.001851 seconds to synchronously load lazily loaded font '../../../Engine/Content/Editor/Slate/Fonts/Roboto-Italic.ttf' (157K)
[2017.07.27-07.20.51:028][646]LogSlate: Took 0.000611 seconds to synchronously load lazily loaded font '../../../Engine/Content/Editor/Slate/Fonts/Roboto-BoldCondensedItalic.ttf' (160K)
[2017.07.27-07.25.13:855][459]BlueprintLog: New page: LobbyGM 컴파일
[2017.07.27-07.25.14:325][494]BlueprintLog: New page: LobbyGM 컴파일
[2017.07.27-07.25.15:096][569]Cmd: OBJ SAVEPACKAGE PACKAGE="/Game/Blueprints/Lobby/LobbyGM" FILE="../../../../../../Users/parkcom/Documents/Unreal Projects/StreamProject/Content/Blueprints/Lobby/LobbyGM.uasset" SILENT=true
[2017.07.27-07.25.15:115][569]LogSavePackage: Save=9.46ms
[2017.07.27-07.25.15:115][569]LogSavePackage: Moving '../../../../../../Users/parkcom/Documents/Unreal Projects/StreamProject/Saved/LobbyGMBCD1A1564F25C3423D8901A5E7FBAA5D.tmp' to '../../../../../../Users/parkcom/Documents/Unreal Projects/StreamProject/Content/Blueprints/Lobby/LobbyGM.uasset'
[2017.07.27-07.25.15:118][569]LogSavePackage:Display: Finished SavePackage ../../../../../../Users/parkcom/Documents/Unreal Projects/StreamProject/Content/Blueprints/Lobby/LobbyGM.uasset
[2017.07.27-07.25.34:782][881]LogSlate: Took 0.000227 seconds to synchronously load lazily loaded font '../../../Engine/Content/Slate/Fonts/Roboto-Light.ttf' (159K)
[2017.07.27-07.29.28:258][793]BlueprintLog: New page: LobbyMenu 컴파일
[2017.07.27-07.29.28:370][793]BlueprintEditorCompileResults: 정보 빠른 템플릿 생성에 성공했습니다.
[2017.07.27-07.29.29:586][935]Cmd: OBJ SAVEPACKAGE PACKAGE="/Game/UI/Lobby/LobbyMenu" FILE="../../../../../../Users/parkcom/Documents/Unreal Projects/StreamProject/Content/UI/Lobby/LobbyMenu.uasset" SILENT=true
[2017.07.27-07.29.29:602][935]LogSavePackage: Save=7.11ms
[2017.07.27-07.29.29:602][935]LogSavePackage: Moving '../../../../../../Users/parkcom/Documents/Unreal Projects/StreamProject/Saved/LobbyMenu8852B11E42D2A36F65088C8E4FE79D75.tmp' to '../../../../../../Users/parkcom/Documents/Unreal Projects/StreamProject/Content/UI/Lobby/LobbyMenu.uasset'
[2017.07.27-07.29.29:606][935]LogSavePackage:Display: Finished SavePackage ../../../../../../Users/parkcom/Documents/Unreal Projects/StreamProject/Content/UI/Lobby/LobbyMenu.uasset
[2017.07.27-07.30.03:363][434]BlueprintLog: New page: LobbyMenu 컴파일
[2017.07.27-07.30.03:513][434]BlueprintEditorCompileResults: 정보 빠른 템플릿 생성에 성공했습니다.
[2017.07.27-07.30.04:302][527]BlueprintLog: New page: LobbyMenu 컴파일
[2017.07.27-07.30.04:387][527]BlueprintEditorCompileResults: 정보 빠른 템플릿 생성에 성공했습니다.
[2017.07.27-07.31.41:104][559]LogFileHelpers: Editor autosave (incl. sublevels) for '/Game/Maps/MainMenu' took 0.017
[2017.07.27-07.31.41:105][559]OBJ SavePackage: Generating thumbnails for [0] asset(s) in package [/Game/UI/Lobby/LobbyMenu] ([1] browsable assets)...
[2017.07.27-07.31.41:105][559]OBJ SavePackage: Finished generating thumbnails for package [/Game/UI/Lobby/LobbyMenu]
[2017.07.27-07.31.41:121][559]LogSavePackage: Save=7.17ms
[2017.07.27-07.31.41:121][559]LogSavePackage: Moving '../../../../../../Users/parkcom/Documents/Unreal Projects/StreamProject/Saved/LobbyMenu_Auto1288A41874BBE8168C94DB6AA8981589E.tmp' to '../../../../../../Users/parkcom/Documents/Unreal Projects/StreamProject/Saved/Autosaves/Game/UI/Lobby/LobbyMenu_Auto1.uasset'
[2017.07.27-07.31.41:123][559]LogSavePackage:Display: Finished SavePackage ../../../../../../Users/parkcom/Documents/Unreal Projects/StreamProject/Saved/Autosaves/Game/UI/Lobby/LobbyMenu_Auto1.uasset
[2017.07.27-07.31.41:123][559]LogFileHelpers: Auto-saving content packages took 0.019
[2017.07.27-07.32.07:159][529]BlueprintLog: New page: LobbyMenu 컴파일
[2017.07.27-07.32.07:253][529]BlueprintEditorCompileResults: 정보 빠른 템플릿 생성에 성공했습니다.
[2017.07.27-07.32.08:413][664]Cmd: OBJ SAVEPACKAGE PACKAGE="/Game/UI/Lobby/LobbyMenu" FILE="../../../../../../Users/parkcom/Documents/Unreal Projects/StreamProject/Content/UI/Lobby/LobbyMenu.uasset" SILENT=true
[2017.07.27-07.32.08:427][664]LogSavePackage: Save=7.66ms
[2017.07.27-07.32.08:427][664]LogSavePackage: Moving '../../../../../../Users/parkcom/Documents/Unreal Projects/StreamProject/Saved/LobbyMenuB230E1604317F3135DB84695805C397A.tmp' to '../../../../../../Users/parkcom/Documents/Unreal Projects/StreamProject/Content/UI/Lobby/LobbyMenu.uasset'
[2017.07.27-07.32.08:431][664]LogSavePackage:Display: Finished SavePackage ../../../../../../Users/parkcom/Documents/Unreal Projects/StreamProject/Content/UI/Lobby/LobbyMenu.uasset
[2017.07.27-07.34.11:633][295]BlueprintLog: New page: LobbyPC 컴파일
[2017.07.27-07.34.12:259][349]BlueprintLog: New page: LobbyPC 컴파일
[2017.07.27-07.34.38:289][957]BlueprintLog: New page: LobbyPC 컴파일
[2017.07.27-07.34.38:715][993]BlueprintLog: New page: LobbyPC 컴파일
[2017.07.27-07.34.39:571][ 80]Cmd: OBJ SAVEPACKAGE PACKAGE="/Game/Blueprints/Lobby/LobbyPC" FILE="../../../../../../Users/parkcom/Documents/Unreal Projects/StreamProject/Content/Blueprints/Lobby/LobbyPC.uasset" SILENT=true
[2017.07.27-07.34.39:587][ 80]LogSavePackage: Save=7.36ms
[2017.07.27-07.34.39:587][ 80]LogSavePackage: Moving '../../../../../../Users/parkcom/Documents/Unreal Projects/StreamProject/Saved/LobbyPCD5FA02B84018BA8360F812AEBED94746.tmp' to '../../../../../../Users/parkcom/Documents/Unreal Projects/StreamProject/Content/Blueprints/Lobby/LobbyPC.uasset'
[2017.07.27-07.34.39:591][ 80]LogSavePackage:Display: Finished SavePackage ../../../../../../Users/parkcom/Documents/Unreal Projects/StreamProject/Content/Blueprints/Lobby/LobbyPC.uasset
[2017.07.27-07.35.07:838][265]BlueprintLog: New page: LobbyMenu 컴파일
[2017.07.27-07.35.07:945][265]BlueprintEditorCompileResults: 정보 빠른 템플릿 생성에 성공했습니다.
[2017.07.27-07.35.08:252][297]BlueprintLog: New page: LobbyMenu 컴파일
[2017.07.27-07.35.08:341][297]BlueprintEditorCompileResults: 정보 빠른 템플릿 생성에 성공했습니다.
[2017.07.27-07.35.08:988][370]Cmd: OBJ SAVEPACKAGE PACKAGE="/Game/UI/Lobby/LobbyMenu" FILE="../../../../../../Users/parkcom/Documents/Unreal Projects/StreamProject/Content/UI/Lobby/LobbyMenu.uasset" SILENT=true
[2017.07.27-07.35.09:004][370]LogSavePackage: Save=8.07ms
[2017.07.27-07.35.09:004][370]LogSavePackage: Moving '../../../../../../Users/parkcom/Documents/Unreal Projects/StreamProject/Saved/LobbyMenu992A2D9D489FDB5818E322AF33AE6A91.tmp' to '../../../../../../Users/parkcom/Documents/Unreal Projects/StreamProject/Content/UI/Lobby/LobbyMenu.uasset'
[2017.07.27-07.35.09:008][370]LogSavePackage:Display: Finished SavePackage ../../../../../../Users/parkcom/Documents/Unreal Projects/StreamProject/Content/UI/Lobby/LobbyMenu.uasset
[2017.07.27-07.38.58:831][259]BlueprintLog: New page: LobbyPC 컴파일
[2017.07.27-07.38.58:835][259]LogBlueprint:Error: [Compiler LobbyPC] 오류  Call Update  에서 CallUpdate 의 PlayerInfo 파라미터에 대한 핀을 찾을 수 없습니다.
[2017.07.27-07.38.58:835][259]LogBlueprint:Error: [Compiler LobbyPC] 오류  Call Update  에서 CallUpdate 의 ChangedStatus? 파라미터에 대한 핀을 찾을 수 없습니다.
[2017.07.27-07.38.58:836][259]LogBlueprint:Error: [Compiler LobbyPC] 오류 이름이 NewParam2 인  New Param 2  핀이 CallUpdate 함수의 어느 파라미터에도 일치하지 않습니다.
[2017.07.27-07.38.58:836][259]LogBlueprint:Error: [Compiler LobbyPC] 오류 이름이 NewParam 인  New Param  핀이 CallUpdate 함수의 어느 파라미터에도 일치하지 않습니다.
[2017.07.27-07.38.59:051][259]BlueprintEditorCompileResults:Error: 오류  Call Update  에서 CallUpdate 의 PlayerInfo 파라미터에 대한 핀을 찾을 수 없습니다.
[2017.07.27-07.38.59:051][259]BlueprintEditorCompileResults:Error: 오류  Call Update  에서 CallUpdate 의 ChangedStatus? 파라미터에 대한 핀을 찾을 수 없습니다.
[2017.07.27-07.38.59:051][259]BlueprintEditorCompileResults:Error: 오류 이름이 NewParam2 인  New Param 2  핀이 CallUpdate 함수의 어느 파라미터에도 일치하지 않습니다.
[2017.07.27-07.38.59:051][259]BlueprintEditorCompileResults:Error: 오류 이름이 NewParam 인  New Param  핀이 CallUpdate 함수의 어느 파라미터에도 일치하지 않습니다.
[2017.07.27-07.38.59:051][259]LogBlueprint:Warning: [Compiler LobbyPC] 경고 [1283.90] LobbyPC 컴파일에 실패했습니다. 치명적 오류 4 회, 경고 0 회, [소요시간 220 ms] (/Game/Blueprints/Lobby/LobbyPC.LobbyPC)
[2017.07.27-07.41.48:118][ 13]BlueprintLog: New page: LobbyPC 컴파일
[2017.07.27-07.43.17:011][226]LogFileHelpers: Editor autosave (incl. sublevels) for '/Game/Maps/MainMenu' took 0.028
[2017.07.27-07.43.17:013][226]OBJ SavePackage: Generating thumbnails for [0] asset(s) in package [/Game/Blueprints/Lobby/LobbyPC] ([1] browsable assets)...
[2017.07.27-07.43.17:013][226]OBJ SavePackage: Finished generating thumbnails for package [/Game/Blueprints/Lobby/LobbyPC]
[2017.07.27-07.43.17:037][226]LogSavePackage: Save=15.93ms
[2017.07.27-07.43.17:037][226]LogSavePackage: Moving '../../../../../../Users/parkcom/Documents/Unreal Projects/StreamProject/Saved/LobbyPC_Auto27D510F7F46BE2E085ADFD39DC503B124.tmp' to '../../../../../../Users/parkcom/Documents/Unreal Projects/StreamProject/Saved/Autosaves/Game/Blueprints/Lobby/LobbyPC_Auto2.uasset'
[2017.07.27-07.43.17:039][226]LogSavePackage:Display: Finished SavePackage ../../../../../../Users/parkcom/Documents/Unreal Projects/StreamProject/Saved/Autosaves/Game/Blueprints/Lobby/LobbyPC_Auto2.uasset
[2017.07.27-07.43.17:040][226]LogFileHelpers: Auto-saving content packages took 0.028
[2017.07.27-07.54.01:832][336]LogFileHelpers: Editor autosave (incl. sublevels) for '/Game/Maps/MainMenu' took 0.021
[2017.07.27-07.54.01:833][336]OBJ SavePackage: Generating thumbnails for [0] asset(s) in package [/Game/Blueprints/Lobby/LobbyPC] ([1] browsable assets)...
[2017.07.27-07.54.01:834][336]OBJ SavePackage: Finished generating thumbnails for package [/Game/Blueprints/Lobby/LobbyPC]
[2017.07.27-07.54.01:873][336]LogSavePackage: Save=29.80ms
[2017.07.27-07.54.01:873][336]LogSavePackage: Moving '../../../../../../Users/parkcom/Documents/Unreal Projects/StreamProject/Saved/LobbyPC_Auto3C4F91BF043EB624274B0F9A18768074E.tmp' to '../../../../../../Users/parkcom/Documents/Unreal Projects/StreamProject/Saved/Autosaves/Game/Blueprints/Lobby/LobbyPC_Auto3.uasset'
[2017.07.27-07.54.01:875][336]LogSavePackage:Display: Finished SavePackage ../../../../../../Users/parkcom/Documents/Unreal Projects/StreamProject/Saved/Autosaves/Game/Blueprints/Lobby/LobbyPC_Auto3.uasset
[2017.07.27-07.54.01:875][336]LogFileHelpers: Auto-saving content packages took 0.042
[2017.07.27-07.55.56:035][690]BlueprintLog: New page: LobbyPC 컴파일
[2017.07.27-07.55.56:445][713]BlueprintLog: New page: LobbyPC 컴파일
[2017.07.27-08.00.05:425][788]BlueprintLog: New page: LobbyPC 컴파일
[2017.07.27-08.00.05:872][815]BlueprintLog: New page: LobbyPC 컴파일
[2017.07.27-08.03.05:515][233]BlueprintLog: New page: LobbyPC 컴파일
[2017.07.27-08.03.05:984][270]BlueprintLog: New page: LobbyPC 컴파일
[2017.07.27-08.03.06:899][362]Cmd: OBJ SAVEPACKAGE PACKAGE="/Game/Blueprints/Lobby/LobbyPC" FILE="../../../../../../Users/parkcom/Documents/Unreal Projects/StreamProject/Content/Blueprints/Lobby/LobbyPC.uasset" SILENT=true
[2017.07.27-08.03.06:956][362]LogSavePackage: Save=46.96ms
[2017.07.27-08.03.06:956][362]LogSavePackage: Moving '../../../../../../Users/parkcom/Documents/Unreal Projects/StreamProject/Saved/LobbyPCFB0DEE7F485E1E7286125D8969CFE073.tmp' to '../../../../../../Users/parkcom/Documents/Unreal Projects/StreamProject/Content/Blueprints/Lobby/LobbyPC.uasset'
[2017.07.27-08.03.06:958][362]LogSavePackage:Display: Finished SavePackage ../../../../../../Users/parkcom/Documents/Unreal Projects/StreamProject/Content/Blueprints/Lobby/LobbyPC.uasset
[2017.07.27-08.05.55:591][438]LogFileHelpers: Editor autosave (incl. sublevels) for '/Game/Maps/MainMenu' took 0.018
[2017.07.27-08.05.55:593][438]OBJ SavePackage: Generating thumbnails for [0] asset(s) in package [/Game/Blueprints/Lobby/LobbyPC] ([1] browsable assets)...
[2017.07.27-08.05.55:593][438]OBJ SavePackage: Finished generating thumbnails for package [/Game/Blueprints/Lobby/LobbyPC]
[2017.07.27-08.05.55:649][438]LogSavePackage: Save=48.87ms
[2017.07.27-08.05.55:649][438]LogSavePackage: Moving '../../../../../../Users/parkcom/Documents/Unreal Projects/StreamProject/Saved/LobbyPC_Auto4FB2AB4C0489204167DE997922C586921.tmp' to '../../../../../../Users/parkcom/Documents/Unreal Projects/StreamProject/Saved/Autosaves/Game/Blueprints/Lobby/LobbyPC_Auto4.uasset'
[2017.07.27-08.05.55:650][438]LogSavePackage:Display: Finished SavePackage ../../../../../../Users/parkcom/Documents/Unreal Projects/StreamProject/Saved/Autosaves/Game/Blueprints/Lobby/LobbyPC_Auto4.uasset
[2017.07.27-08.05.55:650][438]LogFileHelpers: Auto-saving content packages took 0.058
[2017.07.27-08.07.18:999][323]LogSlate:Warning: Prevented a slow task dialog from being summoned while a context menu was open
[2017.07.27-08.13.23:210][983]BlueprintLog: New page: LobbyPC 컴파일
[2017.07.27-08.16.00:814][603]BlueprintLog: New page: LobbyPC 컴파일
[2017.07.27-08.16.01:586][670]BlueprintLog: New page: LobbyPC 컴파일
[2017.07.27-08.16.02:437][744]Cmd: OBJ SAVEPACKAGE PACKAGE="/Game/Blueprints/Lobby/LobbyPC" FILE="../../../../../../Users/parkcom/Documents/Unreal Projects/StreamProject/Content/Blueprints/Lobby/LobbyPC.uasset" SILENT=true
[2017.07.27-08.16.02:552][744]LogSavePackage: Save=92.48ms
[2017.07.27-08.16.02:553][744]LogSavePackage: Moving '../../../../../../Users/parkcom/Documents/Unreal Projects/StreamProject/Saved/LobbyPCD218279B43171B9DD18781B806B7873E.tmp' to '../../../../../../Users/parkcom/Documents/Unreal Projects/StreamProject/Content/Blueprints/Lobby/LobbyPC.uasset'
[2017.07.27-08.16.02:556][744]LogSavePackage:Display: Finished SavePackage ../../../../../../Users/parkcom/Documents/Unreal Projects/StreamProject/Content/Blueprints/Lobby/LobbyPC.uasset
[2017.07.27-11.13.01:795][374]SourceControl: 정보 On branch master
[2017.07.27-11.13.01:795][374]SourceControl: 정보 Your branch is up-to-date with 'origin/master'.
[2017.07.27-11.13.01:795][374]SourceControl: 정보 Changes not staged for commit:
[2017.07.27-11.13.01:795][374]SourceControl: 정보   (use "git add/rm <file>..." to update what will be committed)
[2017.07.27-11.13.01:796][374]SourceControl: 정보   (use "git checkout -- <file>..." to discard changes in working directory)
[2017.07.27-11.13.01:796][374]SourceControl: 정보 	modified:   Content/Blueprints/Lobby/LobbyGM.uasset
[2017.07.27-11.13.01:796][374]SourceControl: 정보 	modified:   Content/Blueprints/Lobby/LobbyPC.uasset
[2017.07.27-11.13.01:796][374]SourceControl: 정보 	modified:   Content/UI/Lobby/LobbyMenu.uasset
[2017.07.27-11.13.01:796][374]SourceControl: 정보 	modified:   Intermediate/CachedAssetRegistry.bin
[2017.07.27-11.13.01:796][374]SourceControl: 정보 	modified:   Saved/Autosaves/PackageRestoreData.json
[2017.07.27-11.13.01:796][374]SourceControl: 정보 	modified:   Saved/Config/Windows/Editor.ini
[2017.07.27-11.13.01:796][374]SourceControl: 정보 	modified:   Saved/Config/Windows/EditorPerProjectUserSettings.ini
[2017.07.27-11.13.01:796][374]SourceControl: 정보 	modified:   Saved/Logs/StreamProject.log
[2017.07.27-11.13.01:796][374]SourceControl: 정보 	deleted:    Saved/Logs/StreamProject_2-backup-2017.07.27-14.46.22.log
[2017.07.27-11.13.01:796][374]SourceControl: 정보 	modified:   Saved/Logs/StreamProject_2.log
[2017.07.27-11.13.01:796][374]SourceControl: 정보 Untracked files:
[2017.07.27-11.13.01:796][374]SourceControl: 정보   (use "git add <file>..." to include in what will be committed)
[2017.07.27-11.13.01:796][374]SourceControl: 정보 	Saved/Autosaves/Game/Blueprints/Lobby/
[2017.07.27-11.13.01:796][374]SourceControl: 정보 	Saved/Autosaves/Game/UI/Lobby/
[2017.07.27-11.13.01:796][374]SourceControl: 정보 	Saved/Backup/LobbyGM_2017-07-27-16-25-15.uasset
[2017.07.27-11.13.01:796][374]SourceControl: 정보 	Saved/Backup/LobbyMenu_2017-07-27-16-29-29.uasset
[2017.07.27-11.13.01:796][374]SourceControl: 정보 	Saved/Backup/LobbyMenu_2017-07-27-16-35-08.uasset
[2017.07.27-11.13.01:796][374]SourceControl: 정보 	Saved/Backup/LobbyPC_2017-07-27-16-34-39.uasset
[2017.07.27-11.13.01:796][374]SourceControl: 정보 	Saved/Backup/LobbyPC_2017-07-27-16-43-17.uasset
[2017.07.27-11.13.01:796][374]SourceControl: 정보 	Saved/Backup/LobbyPC_2017-07-27-16-54-01.uasset
[2017.07.27-11.13.01:796][374]SourceControl: 정보 	Saved/Backup/LobbyPC_2017-07-27-17-03-06.uasset
[2017.07.27-11.13.01:796][374]SourceControl: 정보 	Saved/Backup/LobbyPC_2017-07-27-17-16-02.uasset
[2017.07.27-11.13.01:796][374]SourceControl: 정보 	Saved/Config/CrashReportClient/UE4CC-Windows-2BC10E1E4B099DD43E2DF292A1A319D0/
[2017.07.27-11.13.01:796][374]SourceControl: 정보 	Saved/Config/Windows/SourceControlSettings.ini
[2017.07.27-11.13.01:796][374]SourceControl: 정보 	Saved/Logs/StreamProject-backup-2017.07.27-16.17.36.log
[2017.07.27-11.13.01:796][374]SourceControl: 정보 no changes added to commit (use "git add" and/or "git commit -a")
[2017.07.27-11.13.16:334][ 62]SourceControl: 정보 fatal: C:/Program Files/Epic Games/UE_4.16/Engine/Content/: 'C:/Program Files/Epic Games/UE_4.16/Engine/Content/' is outside repository
[2017.07.27-11.13.28:308][ 62]LogSourceControl: FGitCheckInWorker: commit successful
[2017.07.27-11.13.28:338][ 62]SourceControl: 정보 [master 0d337f4] 2nd
[2017.07.27-11.13.28:338][ 62]SourceControl: 정보  1 file changed, 0 insertions(+), 0 deletions(-)
[2017.07.27-11.13.28:338][ 62]SourceControl: 정보  rewrite Content/UI/Lobby/LobbyMenu.uasset (96%)
[2017.07.27-11.13.28:344][ 62]SourceControl: 정보 Commited [master 0d337f4] 2nd.
[2017.07.27-11.13.36:499][988]SourceControl: 정보 fatal: C:/Program Files/Epic Games/UE_4.16/Engine/Content/: 'C:/Program Files/Epic Games/UE_4.16/Engine/Content/' is outside repository
[2017.07.27-11.13.36:612][988]EditorErrors:Warning: 경고 체크인 대상 애셋이 없습니다!
